<?xml version="1.0" encoding="UTF-8"?>
<!-- Generated by org.testng.reporters.JUnitXMLReporter -->
<testsuite ignored="0" hostname="DESKTOP-EK6AVS7" failures="0" tests="2" name="Default test" time="11.668" errors="0" timestamp="25 Jun 2020 13:31:09 GMT">
  <testcase classname="rediffMoneyTestcases.CreatePortFolioTest" name="createPortFolioTest" time="11.597"/>
  <testcase classname="rediffMoneyTestcases.CreatePortFolioTest" name="deletePortFolioTest" time="0.056"/>
</testsuite> <!-- Default test -->
