<?xml version="1.0" encoding="UTF-8"?>
<testng-results skipped="0" failed="0" ignored="0" total="2" passed="2">
  <reporter-output>
  </reporter-output>
  <suite name="Default suite" duration-ms="18631" started-at="2020-06-25T23:14:35 IST" finished-at="2020-06-25T23:14:53 IST">
    <groups>
    </groups>
    <test name="Default test" duration-ms="18631" started-at="2020-06-25T23:14:35 IST" finished-at="2020-06-25T23:14:53 IST">
      <class name="rediffMoneyTestcases.AddDelStockTest">
        <test-method status="PASS" signature="addStockTest()[pri:1, instance:rediffMoneyTestcases.AddDelStockTest@2b552920]" name="addStockTest" duration-ms="18568" started-at="2020-06-25T23:14:35 IST" finished-at="2020-06-25T23:14:53 IST">
          <reporter-output>
          </reporter-output>
        </test-method> <!-- addStockTest -->
        <test-method status="PASS" signature="deleteStockTest()[pri:2, instance:rediffMoneyTestcases.AddDelStockTest@2b552920]" name="deleteStockTest" duration-ms="4" started-at="2020-06-25T23:14:53 IST" depends-on-methods="rediffMoneyTestcases.AddDelStockTest.addStockTest" finished-at="2020-06-25T23:14:53 IST">
          <reporter-output>
          </reporter-output>
        </test-method> <!-- deleteStockTest -->
      </class> <!-- rediffMoneyTestcases.AddDelStockTest -->
    </test> <!-- Default test -->
  </suite> <!-- Default suite -->
</testng-results>
