<?xml version="1.0" encoding="UTF-8"?>
<testng-results ignored="0" total="2" passed="2" failed="0" skipped="0">
  <reporter-output>
  </reporter-output>
  <suite started-at="2020-06-25T13:30:58Z" name="Default suite" finished-at="2020-06-25T13:31:09Z" duration-ms="11668">
    <groups>
    </groups>
    <test started-at="2020-06-25T13:30:58Z" name="Default test" finished-at="2020-06-25T13:31:09Z" duration-ms="11668">
      <class name="rediffMoneyTestcases.CreatePortFolioTest">
        <test-method signature="createPortFolioTest()[pri:1, instance:rediffMoneyTestcases.CreatePortFolioTest@6913c1fb]" started-at="2020-06-25T13:30:58Z" name="createPortFolioTest" finished-at="2020-06-25T13:31:09Z" duration-ms="11597" status="PASS">
          <reporter-output>
          </reporter-output>
        </test-method> <!-- createPortFolioTest -->
        <test-method signature="deletePortFolioTest()[pri:2, instance:rediffMoneyTestcases.CreatePortFolioTest@6913c1fb]" started-at="2020-06-25T13:31:09Z" name="deletePortFolioTest" finished-at="2020-06-25T13:31:09Z" depends-on-methods="rediffMoneyTestcases.CreatePortFolioTest.createPortFolioTest" duration-ms="56" status="PASS">
          <reporter-output>
          </reporter-output>
        </test-method> <!-- deletePortFolioTest -->
      </class> <!-- rediffMoneyTestcases.CreatePortFolioTest -->
    </test> <!-- Default test -->
  </suite> <!-- Default suite -->
</testng-results>
